# JRE version: Java(TM) SE Runtime Environment (7.0_51-b13) (build 1.7.0_51-b13)
# Java VM: Java HotSpot(TM) 64-Bit Server VM (24.51-b03 mixed mode windows-amd64 compressed oops)
Heap
 PSYoungGen      total 625152K, used 175107K [0x00000007d5a00000, 0x0000000800000000, 0x0000000800000000)
  eden space 601088K, 29% used [0x00000007d5a00000,0x00000007e0500d88,0x00000007fa500000)
  from space 24064K, 0% used [0x00000007fe880000,0x00000007fe880000,0x0000000800000000)
  to   space 46592K, 0% used [0x00000007fa500000,0x00000007fa500000,0x00000007fd280000)
 ParOldGen       total 171520K, used 94377K [0x0000000780e00000, 0x000000078b580000, 0x00000007d5a00000)
  object space 171520K, 55% used [0x0000000780e00000,0x0000000786a2a5a0,0x000000078b580000)
 PSPermGen       total 21504K, used 8772K [0x000000077bc00000, 0x000000077d100000, 0x0000000780e00000)
  object space 21504K, 40% used [0x000000077bc00000,0x000000077c491130,0x000000077d100000)
GC Heap History (10 events):
Event: 22.446 GC heap before
{Heap before GC invocations=9 (full 0):
 PSYoungGen      total 554496K, used 540208K [0x00000007d5a00000, 0x00000007f8d00000, 0x0000000800000000)
  eden space 532480K, 100% used [0x00000007d5a00000,0x00000007f6200000,0x00000007f6200000)
  from space 22016K, 35% used [0x00000007f7780000,0x00000007f7f0c010,0x00000007f8d00000)
  to   space 22016K, 0% used [0x00000007f6200000,0x00000007f6200000,0x00000007f7780000)
 ParOldGen       total 86528K, used 52145K [0x0000000780e00000, 0x0000000786280000, 0x00000007d5a00000)
  object space 86528K, 60% used [0x0000000780e00000,0x00000007840ec488,0x0000000786280000)
 PSPermGen       total 21504K, used 8713K [0x000000077bc00000, 0x000000077d100000, 0x0000000780e00000)
  object space 21504K, 40% used [0x000000077bc00000,0x000000077c4827d8,0x000000077d100000)
Event: 22.519 GC heap after
Heap after GC invocations=9 (full 0):
 PSYoungGen      total 554496K, used 19824K [0x00000007d5a00000, 0x0000000800000000, 0x0000000800000000)
  eden space 532480K, 0% used [0x00000007d5a00000,0x00000007d5a00000,0x00000007f6200000)
  from space 22016K, 90% used [0x00000007f6200000,0x00000007f755c010,0x00000007f7780000)
  to   space 24064K, 0% used [0x00000007fe880000,0x00000007fe880000,0x0000000800000000)
 ParOldGen       total 86528K, used 52717K [0x0000000780e00000, 0x0000000786280000, 0x00000007d5a00000)
  object space 86528K, 60% used [0x0000000780e00000,0x000000078417b4d8,0x0000000786280000)
 PSPermGen       total 21504K, used 8713K [0x000000077bc00000, 0x000000077d100000, 0x0000000780e00000)
  object space 21504K, 40% used [0x000000077bc00000,0x000000077c4827d8,0x000000077d100000)
}
Event: 27.684 GC heap before
{Heap before GC invocations=10 (full 0):
 PSYoungGen      total 554496K, used 552304K [0x00000007d5a00000, 0x0000000800000000, 0x0000000800000000)
  eden space 532480K, 100% used [0x00000007d5a00000,0x00000007f6200000,0x00000007f6200000)
  from space 22016K, 90% used [0x00000007f6200000,0x00000007f755c010,0x00000007f7780000)
  to   space 24064K, 0% used [0x00000007fe880000,0x00000007fe880000,0x0000000800000000)
 ParOldGen       total 86528K, used 52717K [0x0000000780e00000, 0x0000000786280000, 0x00000007d5a00000)
  object space 86528K, 60% used [0x0000000780e00000,0x000000078417b4d8,0x0000000786280000)
 PSPermGen       total 21504K, used 8738K [0x000000077bc00000, 0x000000077d100000, 0x0000000780e00000)
  object space 21504K, 40% used [0x000000077bc00000,0x000000077c488b18,0x000000077d100000)
Event: 27.726 GC heap after
Heap after GC invocations=10 (full 0):
 PSYoungGen      total 670720K, used 9728K [0x00000007d5a00000, 0x0000000800000000, 0x0000000800000000)
  eden space 646656K, 0% used [0x00000007d5a00000,0x00000007d5a00000,0x00000007fd180000)
  from space 24064K, 40% used [0x00000007fe880000,0x00000007ff200000,0x0000000800000000)
  to   space 23552K, 0% used [0x00000007fd180000,0x00000007fd180000,0x00000007fe880000)
 ParOldGen       total 86528K, used 52801K [0x0000000780e00000, 0x0000000786280000, 0x00000007d5a00000)
  object space 86528K, 61% used [0x0000000780e00000,0x00000007841904e8,0x0000000786280000)
 PSPermGen       total 21504K, used 8738K [0x000000077bc00000, 0x000000077d100000, 0x0000000780e00000)
  object space 21504K, 40% used [0x000000077bc00000,0x000000077c488b18,0x000000077d100000)
}
Event: 33.476 GC heap before
{Heap before GC invocations=11 (full 0):
 PSYoungGen      total 670720K, used 656384K [0x00000007d5a00000, 0x0000000800000000, 0x0000000800000000)
  eden space 646656K, 100% used [0x00000007d5a00000,0x00000007fd180000,0x00000007fd180000)
  from space 24064K, 40% used [0x00000007fe880000,0x00000007ff200000,0x0000000800000000)
  to   space 23552K, 0% used [0x00000007fd180000,0x00000007fd180000,0x00000007fe880000)
 ParOldGen       total 86528K, used 52801K [0x0000000780e00000, 0x0000000786280000, 0x00000007d5a00000)
  object space 86528K, 61% used [0x0000000780e00000,0x00000007841904e8,0x0000000786280000)
 PSPermGen       total 21504K, used 8742K [0x000000077bc00000, 0x000000077d100000, 0x0000000780e00000)
  object space 21504K, 40% used [0x000000077bc00000,0x000000077c489b40,0x000000077d100000)
Event: 33.600 GC heap after
Heap after GC invocations=11 (full 0):
 PSYoungGen      total 670208K, used 23552K [0x00000007d5a00000, 0x0000000800000000, 0x0000000800000000)
  eden space 646656K, 0% used [0x00000007d5a00000,0x00000007d5a00000,0x00000007fd180000)
  from space 23552K, 100% used [0x00000007fd180000,0x00000007fe880000,0x00000007fe880000)
  to   space 24064K, 0% used [0x00000007fe880000,0x00000007fe880000,0x0000000800000000)
 ParOldGen       total 86528K, used 66769K [0x0000000780e00000, 0x0000000786280000, 0x00000007d5a00000)
  object space 86528K, 77% used [0x0000000780e00000,0x0000000784f344f8,0x0000000786280000)
 PSPermGen       total 21504K, used 8742K [0x000000077bc00000, 0x000000077d100000, 0x0000000780e00000)
  object space 21504K, 40% used [0x000000077bc00000,0x000000077c489b40,0x000000077d100000)
}
Event: 39.209 GC heap before
{Heap before GC invocations=12 (full 0):
 PSYoungGen      total 670208K, used 670208K [0x00000007d5a00000, 0x0000000800000000, 0x0000000800000000)
  eden space 646656K, 100% used [0x00000007d5a00000,0x00000007fd180000,0x00000007fd180000)
  from space 23552K, 100% used [0x00000007fd180000,0x00000007fe880000,0x00000007fe880000)
  to   space 24064K, 0% used [0x00000007fe880000,0x00000007fe880000,0x0000000800000000)
 ParOldGen       total 86528K, used 66769K [0x0000000780e00000, 0x0000000786280000, 0x00000007d5a00000)
  object space 86528K, 77% used [0x0000000780e00000,0x0000000784f344f8,0x0000000786280000)
 PSPermGen       total 21504K, used 8745K [0x000000077bc00000, 0x000000077d100000, 0x0000000780e00000)
  object space 21504K, 40% used [0x000000077bc00000,0x000000077c48a738,0x000000077d100000)
Event: 39.442 GC heap after
Heap after GC invocations=12 (full 0):
 PSYoungGen      total 625152K, used 24064K [0x00000007d5a00000, 0x0000000800000000, 0x0000000800000000)
  eden space 601088K, 0% used [0x00000007d5a00000,0x00000007d5a00000,0x00000007fa500000)
  from space 24064K, 100% used [0x00000007fe880000,0x0000000800000000,0x0000000800000000)
  to   space 46592K, 0% used [0x00000007fa500000,0x00000007fa500000,0x00000007fd280000)
 ParOldGen       total 102912K, used 102673K [0x0000000780e00000, 0x0000000787280000, 0x00000007d5a00000)
  object space 102912K, 99% used [0x0000000780e00000,0x00000007872444f8,0x0000000787280000)
 PSPermGen       total 21504K, used 8745K [0x000000077bc00000, 0x000000077d100000, 0x0000000780e00000)
  object space 21504K, 40% used [0x000000077bc00000,0x000000077c48a738,0x000000077d100000)
}
Event: 39.442 GC heap before
{Heap before GC invocations=13 (full 1):
 PSYoungGen      total 625152K, used 24064K [0x00000007d5a00000, 0x0000000800000000, 0x0000000800000000)
  eden space 601088K, 0% used [0x00000007d5a00000,0x00000007d5a00000,0x00000007fa500000)
  from space 24064K, 100% used [0x00000007fe880000,0x0000000800000000,0x0000000800000000)
  to   space 46592K, 0% used [0x00000007fa500000,0x00000007fa500000,0x00000007fd280000)
 ParOldGen       total 102912K, used 102673K [0x0000000780e00000, 0x0000000787280000, 0x00000007d5a00000)
  object space 102912K, 99% used [0x0000000780e00000,0x00000007872444f8,0x0000000787280000)
 PSPermGen       total 21504K, used 8745K [0x000000077bc00000, 0x000000077d100000, 0x0000000780e00000)
  object space 21504K, 40% used [0x000000077bc00000,0x000000077c48a738,0x000000077d100000)
Event: 40.462 GC heap after
Heap after GC invocations=13 (full 1):
 PSYoungGen      total 625152K, used 0K [0x00000007d5a00000, 0x0000000800000000, 0x0000000800000000)
  eden space 601088K, 0% used [0x00000007d5a00000,0x00000007d5a00000,0x00000007fa500000)
  from space 24064K, 0% used [0x00000007fe880000,0x00000007fe880000,0x0000000800000000)
  to   space 46592K, 0% used [0x00000007fa500000,0x00000007fa500000,0x00000007fd280000)
 ParOldGen       total 171520K, used 94377K [0x0000000780e00000, 0x000000078b580000, 0x00000007d5a00000)
  object space 171520K, 55% used [0x0000000780e00000,0x0000000786a2a5a0,0x000000078b580000)
 PSPermGen       total 21504K, used 8740K [0x000000077bc00000, 0x000000077d100000, 0x0000000780e00000)
  object space 21504K, 40% used [0x000000077bc00000,0x000000077c489018,0x000000077d100000)
}

